# JRE version: OpenJDK Runtime Environment Temurin-17.0.6+10 (17.0.6+10) (build 17.0.6+10)
# Java VM: OpenJDK 64-Bit Server VM Temurin-17.0.6+10 (17.0.6+10, mixed mode, tiered, compressed oops, compressed class ptrs, g1 gc, windows-amd64)
GC Precious Log:
 CPUs: 8 total, 8 available
 Memory: 16134M
 Large Page Support: Disabled
 NUMA Support: Disabled
 Compressed Oops: Enabled (Zero based)
 Heap Region Size: 2M
 Heap Min Capacity: 8M
 Heap Initial Capacity: 254M
 Heap Max Capacity: 4034M
 Pre-touch: Disabled
 Parallel Workers: 8
 Concurrent Workers: 2
 Concurrent Refinement Workers: 8
 Periodic GC: Disabled
Heap:
 garbage-first heap   total 96256K, used 56055K [0x0000000703e00000, 0x0000000800000000)
  region size 2048K, 8 young (16384K), 3 survivors (6144K)
 Metaspace       used 86318K, committed 86912K, reserved 1130496K
  class space    used 11430K, committed 11712K, reserved 1048576K
GC Heap History (20 events):
Event: 24.420 GC heap before
{Heap before GC invocations=32 (full 0):
 garbage-first heap   total 65536K, used 49862K [0x0000000703e00000, 0x0000000800000000)
  region size 2048K, 9 young (18432K), 2 survivors (4096K)
 Metaspace       used 75512K, committed 76160K, reserved 1122304K
  class space    used 10109K, committed 10432K, reserved 1048576K
}
Event: 24.426 GC heap after
{Heap after GC invocations=33 (full 0):
 garbage-first heap   total 65536K, used 36526K [0x0000000703e00000, 0x0000000800000000)
  region size 2048K, 2 young (4096K), 2 survivors (4096K)
 Metaspace       used 75512K, committed 76160K, reserved 1122304K
  class space    used 10109K, committed 10432K, reserved 1048576K
}
Event: 24.810 GC heap before
{Heap before GC invocations=34 (full 0):
 garbage-first heap   total 71680K, used 48814K [0x0000000703e00000, 0x0000000800000000)
  region size 2048K, 9 young (18432K), 2 survivors (4096K)
 Metaspace       used 76731K, committed 77376K, reserved 1122304K
  class space    used 10262K, committed 10560K, reserved 1048576K
}
Event: 24.816 GC heap after
{Heap after GC invocations=35 (full 0):
 garbage-first heap   total 71680K, used 36977K [0x0000000703e00000, 0x0000000800000000)
  region size 2048K, 1 young (2048K), 1 survivors (2048K)
 Metaspace       used 76731K, committed 77376K, reserved 1122304K
  class space    used 10262K, committed 10560K, reserved 1048576K
}
Event: 25.365 GC heap before
{Heap before GC invocations=35 (full 0):
 garbage-first heap   total 71680K, used 57457K [0x0000000703e00000, 0x0000000800000000)
  region size 2048K, 11 young (22528K), 1 survivors (2048K)
 Metaspace       used 77051K, committed 77696K, reserved 1122304K
  class space    used 10291K, committed 10624K, reserved 1048576K
}
Event: 25.369 GC heap after
{Heap after GC invocations=36 (full 0):
 garbage-first heap   total 71680K, used 37649K [0x0000000703e00000, 0x0000000800000000)
  region size 2048K, 2 young (4096K), 2 survivors (4096K)
 Metaspace       used 77051K, committed 77696K, reserved 1122304K
  class space    used 10291K, committed 10624K, reserved 1048576K
}
Event: 25.720 GC heap before
{Heap before GC invocations=37 (full 0):
 garbage-first heap   total 79872K, used 56081K [0x0000000703e00000, 0x0000000800000000)
  region size 2048K, 11 young (22528K), 2 survivors (4096K)
 Metaspace       used 77208K, committed 77824K, reserved 1122304K
  class space    used 10308K, committed 10624K, reserved 1048576K
}
Event: 25.723 GC heap after
{Heap after GC invocations=38 (full 0):
 garbage-first heap   total 79872K, used 38102K [0x0000000703e00000, 0x0000000800000000)
  region size 2048K, 2 young (4096K), 2 survivors (4096K)
 Metaspace       used 77208K, committed 77824K, reserved 1122304K
  class space    used 10308K, committed 10624K, reserved 1048576K
}
Event: 26.255 GC heap before
{Heap before GC invocations=38 (full 0):
 garbage-first heap   total 79872K, used 64726K [0x0000000703e00000, 0x0000000800000000)
  region size 2048K, 15 young (30720K), 2 survivors (4096K)
 Metaspace       used 77837K, committed 78464K, reserved 1122304K
  class space    used 10358K, committed 10688K, reserved 1048576K
}
Event: 26.259 GC heap after
{Heap after GC invocations=39 (full 0):
 garbage-first heap   total 96256K, used 39206K [0x0000000703e00000, 0x0000000800000000)
  region size 2048K, 2 young (4096K), 2 survivors (4096K)
 Metaspace       used 77837K, committed 78464K, reserved 1122304K
  class space    used 10358K, committed 10688K, reserved 1048576K
}
Event: 26.712 GC heap before
{Heap before GC invocations=40 (full 0):
 garbage-first heap   total 96256K, used 78118K [0x0000000703e00000, 0x0000000800000000)
  region size 2048K, 21 young (43008K), 2 survivors (4096K)
 Metaspace       used 78266K, committed 78848K, reserved 1122304K
  class space    used 10382K, committed 10688K, reserved 1048576K
}
Event: 26.717 GC heap after
{Heap after GC invocations=41 (full 0):
 garbage-first heap   total 96256K, used 40045K [0x0000000703e00000, 0x0000000800000000)
  region size 2048K, 2 young (4096K), 2 survivors (4096K)
 Metaspace       used 78266K, committed 78848K, reserved 1122304K
  class space    used 10382K, committed 10688K, reserved 1048576K
}
Event: 26.977 GC heap before
{Heap before GC invocations=41 (full 0):
 garbage-first heap   total 96256K, used 78957K [0x0000000703e00000, 0x0000000800000000)
  region size 2048K, 21 young (43008K), 2 survivors (4096K)
 Metaspace       used 78411K, committed 79104K, reserved 1122304K
  class space    used 10415K, committed 10752K, reserved 1048576K
}
Event: 26.983 GC heap after
{Heap after GC invocations=42 (full 0):
 garbage-first heap   total 96256K, used 42052K [0x0000000703e00000, 0x0000000800000000)
  region size 2048K, 3 young (6144K), 3 survivors (6144K)
 Metaspace       used 78411K, committed 79104K, reserved 1122304K
  class space    used 10415K, committed 10752K, reserved 1048576K
}
Event: 28.325 GC heap before
{Heap before GC invocations=42 (full 0):
 garbage-first heap   total 96256K, used 76868K [0x0000000703e00000, 0x0000000800000000)
  region size 2048K, 20 young (40960K), 3 survivors (6144K)
 Metaspace       used 81345K, committed 81984K, reserved 1122304K
  class space    used 10794K, committed 11136K, reserved 1048576K
}
Event: 28.333 GC heap after
{Heap after GC invocations=43 (full 0):
 garbage-first heap   total 96256K, used 43468K [0x0000000703e00000, 0x0000000800000000)
  region size 2048K, 3 young (6144K), 3 survivors (6144K)
 Metaspace       used 81345K, committed 81984K, reserved 1122304K
  class space    used 10794K, committed 11136K, reserved 1048576K
}
Event: 29.956 GC heap before
{Heap before GC invocations=43 (full 0):
 garbage-first heap   total 96256K, used 76236K [0x0000000703e00000, 0x0000000800000000)
  region size 2048K, 19 young (38912K), 3 survivors (6144K)
 Metaspace       used 83261K, committed 83904K, reserved 1122304K
  class space    used 11064K, committed 11392K, reserved 1048576K
}
Event: 29.965 GC heap after
{Heap after GC invocations=44 (full 0):
 garbage-first heap   total 96256K, used 45224K [0x0000000703e00000, 0x0000000800000000)
  region size 2048K, 3 young (6144K), 3 survivors (6144K)
 Metaspace       used 83261K, committed 83904K, reserved 1122304K
  class space    used 11064K, committed 11392K, reserved 1048576K
}
Event: 31.225 GC heap before
{Heap before GC invocations=44 (full 0):
 garbage-first heap   total 96256K, used 77992K [0x0000000703e00000, 0x0000000800000000)
  region size 2048K, 19 young (38912K), 3 survivors (6144K)
 Metaspace       used 84722K, committed 85376K, reserved 1130496K
  class space    used 11225K, committed 11520K, reserved 1048576K
}
Event: 31.234 GC heap after
{Heap after GC invocations=45 (full 0):
 garbage-first heap   total 96256K, used 47863K [0x0000000703e00000, 0x0000000800000000)
  region size 2048K, 3 young (6144K), 3 survivors (6144K)
 Metaspace       used 84722K, committed 85376K, reserved 1130496K
  class space    used 11225K, committed 11520K, reserved 1048576K
}

